2015-10-27 11:16:45 - PHP Warning:  sprintf() [<a href='function.sprintf'>function.sprintf</a>]: Too few arguments in /var/www/developer/data/www/t-leader.ru/alex/demo2101/catalog/controller/checkout/success.php on line 72
2015-10-27 11:21:12 - PHP Warning:  sprintf() [<a href='function.sprintf'>function.sprintf</a>]: Too few arguments in /var/www/developer/data/www/t-leader.ru/alex/demo2101/catalog/controller/checkout/success.php on line 72
2015-10-27 11:23:59 - PHP Notice:  Indirect modification of overloaded property ControllerCheckoutSuccess::$data has no effect in /var/www/developer/data/www/t-leader.ru/alex/demo2101/catalog/controller/checkout/success.php on line 72
2015-10-27 11:23:59 - PHP Notice:  Undefined variable: text_message in /var/www/developer/data/www/t-leader.ru/alex/demo2101/catalog/view/theme/default/template/common/success.tpl on line 18
2015-10-27 11:24:04 - PHP Notice:  Indirect modification of overloaded property ControllerCheckoutSuccess::$data has no effect in /var/www/developer/data/www/t-leader.ru/alex/demo2101/catalog/controller/checkout/success.php on line 72
2015-10-27 11:24:04 - PHP Notice:  Undefined variable: text_message in /var/www/developer/data/www/t-leader.ru/alex/demo2101/catalog/view/theme/default/template/common/success.tpl on line 18
2015-10-27 11:24:14 - PHP Warning:  sprintf() [<a href='function.sprintf'>function.sprintf</a>]: Too few arguments in /var/www/developer/data/www/t-leader.ru/alex/demo2101/catalog/controller/checkout/success.php on line 72
2015-10-27 11:27:21 - PHP Warning:  sprintf() [<a href='function.sprintf'>function.sprintf</a>]: Too few arguments in /var/www/developer/data/www/t-leader.ru/alex/demo2101/catalog/controller/checkout/success.php on line 72
2015-10-27 12:15:02 - PHP Warning:  sprintf() [<a href='function.sprintf'>function.sprintf</a>]: Too few arguments in /var/www/developer/data/www/t-leader.ru/alex/demo2101/catalog/controller/checkout/success.php on line 72
2015-10-27 12:21:08 - PHP Warning:  sprintf() [<a href='function.sprintf'>function.sprintf</a>]: Too few arguments in /var/www/developer/data/www/t-leader.ru/alex/demo2101/catalog/controller/checkout/success.php on line 72
2015-10-27 12:21:11 - PHP Warning:  sprintf() [<a href='function.sprintf'>function.sprintf</a>]: Too few arguments in /var/www/developer/data/www/t-leader.ru/alex/demo2101/catalog/controller/checkout/success.php on line 72
2015-10-27 12:22:02 - PHP Warning:  sprintf() [<a href='function.sprintf'>function.sprintf</a>]: Too few arguments in /var/www/developer/data/www/t-leader.ru/alex/demo2101/catalog/controller/checkout/success.php on line 72
2015-10-27 12:23:03 - PHP Notice:  Undefined variable: text_message in /var/www/developer/data/www/t-leader.ru/alex/demo2101/catalog/view/theme/default/template/common/success.tpl on line 18
2015-10-27 12:25:11 - PHP Notice:  Undefined variable: text_message in /var/www/developer/data/www/t-leader.ru/alex/demo2101/catalog/view/theme/default/template/common/success.tpl on line 18
2015-10-27 12:25:30 - PHP Notice:  Undefined variable: text_message in /var/www/developer/data/www/t-leader.ru/alex/demo2101/catalog/view/theme/default/template/common/success.tpl on line 18
2015-10-27 12:26:14 - PHP Notice:  Use of undefined constant php - assumed 'php' in /var/www/developer/data/www/t-leader.ru/alex/demo2101/catalog/view/theme/default/template/common/success.tpl on line 18
2015-10-27 12:28:45 - PHP Warning:  sprintf() [<a href='function.sprintf'>function.sprintf</a>]: Too few arguments in /var/www/developer/data/www/t-leader.ru/alex/demo2101/catalog/controller/account/success.php on line 32
2016-08-09 12:25:34 - PHP Notice:  Undefined variable: text_contact in Z:\home\wallpapers\www\catalog\view\theme\default\template\common\header.tpl on line 43
2016-08-16 15:27:28 - PHP Notice:  Undefined variable: product in Z:\home\wallpapers\www\catalog\view\theme\default\template\common\header.tpl on line 69
2016-08-16 15:34:42 - PHP Notice:  Undefined variable: product in Z:\home\wallpapers\www\catalog\view\theme\default\template\common\header.tpl on line 69
2016-08-16 15:35:23 - PHP Notice:  Undefined variable: product in Z:\home\wallpapers\www\catalog\view\theme\default\template\common\header.tpl on line 69
2016-08-16 15:36:54 - PHP Notice:  Undefined variable: product in Z:\home\wallpapers\www\catalog\view\theme\default\template\common\header.tpl on line 69
2016-08-16 15:37:32 - PHP Notice:  Use of undefined constant undefined - assumed 'undefined' in Z:\home\wallpapers\www\catalog\view\theme\default\template\common\header.tpl on line 69
2016-08-16 15:37:32 - PHP Notice:  Undefined variable: product in Z:\home\wallpapers\www\catalog\view\theme\default\template\common\header.tpl on line 69
2016-08-16 15:40:02 - PHP Notice:  Undefined variable: products in Z:\home\wallpapers\www\catalog\view\theme\default\template\common\header.tpl on line 69
2016-08-16 15:40:12 - PHP Notice:  Undefined variable: products in Z:\home\wallpapers\www\catalog\view\theme\default\template\common\header.tpl on line 69
2016-08-16 15:42:12 - PHP Notice:  Undefined variable: products in Z:\home\wallpapers\www\catalog\view\theme\default\template\common\header.tpl on line 69
2016-08-16 15:42:20 - PHP Notice:  Undefined variable: products in Z:\home\wallpapers\www\catalog\view\theme\default\template\common\header.tpl on line 69
2016-08-16 15:45:39 - PHP Notice:  Undefined property: Loader::$cart in Z:\home\wallpapers\www\catalog\view\theme\default\template\common\header.tpl on line 69
2016-08-16 15:45:42 - PHP Notice:  Undefined property: Loader::$cart in Z:\home\wallpapers\www\catalog\view\theme\default\template\common\header.tpl on line 69
2016-08-16 15:46:24 - PHP Notice:  Undefined property: Loader::$cart in Z:\home\wallpapers\www\catalog\view\theme\default\template\common\header.tpl on line 69
2016-08-16 15:49:53 - PHP Notice:  Undefined property: Loader::$cart in Z:\home\wallpapers\www\catalog\view\theme\default\template\common\header.tpl on line 69
2016-08-18 13:28:37 - PHP Warning:  fsockopen() [<a href='function.fsockopen'>function.fsockopen</a>]: unable to connect to :25 (Подключение не установлено, т.к. конечный компьютер отверг запрос на подключение.
) in Z:\home\wallpapers\www\system\library\mail.php on line 170
2016-08-18 13:28:37 - PHP Notice:  Error: Подключение не установлено, т.к. конечный компьютер отверг запрос на подключение.
 (10061) in Z:\home\wallpapers\www\system\library\mail.php on line 173
2016-08-18 13:30:27 - PHP Warning:  fsockopen() [<a href='function.fsockopen'>function.fsockopen</a>]: unable to connect to :25 (Подключение не установлено, т.к. конечный компьютер отверг запрос на подключение.
) in Z:\home\wallpapers\www\system\library\mail.php on line 170
2016-08-18 13:30:27 - PHP Notice:  Error: Подключение не установлено, т.к. конечный компьютер отверг запрос на подключение.
 (10061) in Z:\home\wallpapers\www\system\library\mail.php on line 173
2016-08-18 13:32:02 - PHP Warning:  fsockopen() [<a href='function.fsockopen'>function.fsockopen</a>]: unable to connect to :25 (Подключение не установлено, т.к. конечный компьютер отверг запрос на подключение.
) in Z:\home\wallpapers\www\system\library\mail.php on line 170
2016-08-18 13:32:02 - PHP Notice:  Error: Подключение не установлено, т.к. конечный компьютер отверг запрос на подключение.
 (10061) in Z:\home\wallpapers\www\system\library\mail.php on line 173
2016-08-18 14:59:01 - PHP Notice:  Undefined variable: informations in Z:\home\wallpapers\www\catalog\view\theme\default\template\common\header.tpl on line 58
2016-08-18 14:59:09 - PHP Notice:  Undefined variable: informations in Z:\home\wallpapers\www\catalog\view\theme\default\template\common\header.tpl on line 58
2016-08-18 14:59:35 - PHP Notice:  Undefined variable: informations in Z:\home\wallpapers\www\catalog\view\theme\default\template\common\header.tpl on line 58
2016-08-18 15:00:12 - PHP Notice:  Undefined variable: informations in Z:\home\wallpapers\www\catalog\view\theme\default\template\common\header.tpl on line 58
2016-08-18 15:00:24 - PHP Notice:  Undefined variable: informations in Z:\home\wallpapers\www\catalog\view\theme\default\template\common\header.tpl on line 58
2016-08-18 15:00:29 - PHP Notice:  Undefined variable: informations in Z:\home\wallpapers\www\catalog\view\theme\default\template\common\header.tpl on line 58
2016-08-18 15:00:31 - PHP Notice:  Undefined variable: informations in Z:\home\wallpapers\www\catalog\view\theme\default\template\common\header.tpl on line 58
2016-08-18 15:00:33 - PHP Notice:  Undefined variable: informations in Z:\home\wallpapers\www\catalog\view\theme\default\template\common\header.tpl on line 58
2016-08-18 15:00:38 - PHP Notice:  Undefined variable: informations in Z:\home\wallpapers\www\catalog\view\theme\default\template\common\header.tpl on line 58
2016-08-20 12:30:03 - PHP Notice:  Undefined variable: breadcrumbs in Z:\home\wallpapers\www\catalog\view\theme\default\template\information\contact.tpl on line 4
2016-08-20 12:30:03 - PHP Warning:  Invalid argument supplied for foreach() in Z:\home\wallpapers\www\catalog\view\theme\default\template\information\contact.tpl on line 4
2016-08-20 12:35:20 - PHP Notice:  Undefined variable: breadcrumbs in Z:\home\wallpapers\www\catalog\view\theme\default\template\information\contact.tpl on line 4
2016-08-20 12:35:20 - PHP Warning:  Invalid argument supplied for foreach() in Z:\home\wallpapers\www\catalog\view\theme\default\template\information\contact.tpl on line 4
2016-08-22 18:54:54 - PHP Notice:  Undefined variable: entry_telephone1 in Z:\home\wallpapers\www\admin\view\template\setting\setting.tpl on line 150
2016-08-22 18:54:54 - PHP Notice:  Undefined variable: entry_telephone2 in Z:\home\wallpapers\www\admin\view\template\setting\setting.tpl on line 159
2016-08-22 18:56:49 - PHP Notice:  Undefined variable: entry_telephone1 in Z:\home\wallpapers\www\admin\view\template\setting\setting.tpl on line 150
2016-08-22 18:56:49 - PHP Notice:  Undefined variable: entry_telephone2 in Z:\home\wallpapers\www\admin\view\template\setting\setting.tpl on line 159
2016-08-22 19:02:37 - PHP Notice:  Undefined variable: entry_telephone1 in Z:\home\wallpapers\www\admin\view\template\setting\setting.tpl on line 150
2016-08-22 19:02:37 - PHP Notice:  Undefined variable: entry_telephone2 in Z:\home\wallpapers\www\admin\view\template\setting\setting.tpl on line 159
2016-08-22 19:13:19 - PHP Notice:  Undefined variable: geocode_hl in Z:\home\wallpapers\www\catalog\view\theme\default\template\common\header.tpl on line 112
2016-08-22 19:13:50 - PHP Notice:  Undefined variable: geocode_hl in Z:\home\wallpapers\www\catalog\view\theme\default\template\common\header.tpl on line 112
2016-08-22 19:30:34 - PHP Notice:  Undefined variable: geocode_hl in Z:\home\wallpapers\www\catalog\view\theme\default\template\common\header.tpl on line 112
2016-08-22 19:30:36 - PHP Notice:  Undefined variable: geocode_hl in Z:\home\wallpapers\www\catalog\view\theme\default\template\common\header.tpl on line 112
2016-08-22 19:35:08 - PHP Notice:  Undefined variable: geocode_hl in Z:\home\wallpapers\www\catalog\view\theme\default\template\common\header.tpl on line 112
2016-08-22 19:36:13 - PHP Notice:  Undefined variable: geocode_hl in Z:\home\wallpapers\www\catalog\view\theme\default\template\common\header.tpl on line 112
2016-08-22 19:36:25 - PHP Notice:  Undefined variable: geocode_hl in Z:\home\wallpapers\www\catalog\view\theme\default\template\common\header.tpl on line 112
2016-08-22 19:37:00 - PHP Notice:  Undefined variable: geocode_hl in Z:\home\wallpapers\www\catalog\view\theme\default\template\common\header.tpl on line 112
2016-08-22 19:38:54 - PHP Notice:  Undefined variable: geocode_hl in Z:\home\wallpapers\www\catalog\view\theme\default\template\common\header.tpl on line 112
2016-08-22 19:39:51 - PHP Notice:  Undefined variable: geocode_hl in Z:\home\wallpapers\www\catalog\view\theme\default\template\common\header.tpl on line 112
2016-08-22 19:39:53 - PHP Notice:  Undefined variable: geocode_hl in Z:\home\wallpapers\www\catalog\view\theme\default\template\common\header.tpl on line 112
2016-08-22 19:40:16 - PHP Notice:  Undefined variable: geocode_hl in Z:\home\wallpapers\www\catalog\view\theme\default\template\common\header.tpl on line 112
2016-08-22 19:40:19 - PHP Notice:  Undefined variable: geocode_hl in Z:\home\wallpapers\www\catalog\view\theme\default\template\common\header.tpl on line 112
2016-08-22 20:48:35 - PHP Notice:  Undefined variable: geocode_hl in Z:\home\wallpapers\www\catalog\view\theme\default\template\common\header.tpl on line 112
2016-08-22 21:48:07 - PHP Notice:  Indirect modification of overloaded property ControllerModuleYandexMaps::$data has no effect in Z:\home\wallpapers\www\admin\controller\module\yandex_maps.php on line 20
2016-08-22 21:48:07 - PHP Notice:  Indirect modification of overloaded property ControllerModuleYandexMaps::$data has no effect in Z:\home\wallpapers\www\admin\controller\module\yandex_maps.php on line 22
2016-08-22 21:48:07 - PHP Notice:  Indirect modification of overloaded property ControllerModuleYandexMaps::$data has no effect in Z:\home\wallpapers\www\admin\controller\module\yandex_maps.php on line 23
2016-08-22 21:48:07 - PHP Notice:  Indirect modification of overloaded property ControllerModuleYandexMaps::$data has no effect in Z:\home\wallpapers\www\admin\controller\module\yandex_maps.php on line 25
2016-08-22 21:48:07 - PHP Notice:  Indirect modification of overloaded property ControllerModuleYandexMaps::$data has no effect in Z:\home\wallpapers\www\admin\controller\module\yandex_maps.php on line 26
2016-08-22 21:48:07 - PHP Notice:  Indirect modification of overloaded property ControllerModuleYandexMaps::$data has no effect in Z:\home\wallpapers\www\admin\controller\module\yandex_maps.php on line 27
2016-08-22 21:48:07 - PHP Notice:  Indirect modification of overloaded property ControllerModuleYandexMaps::$data has no effect in Z:\home\wallpapers\www\admin\controller\module\yandex_maps.php on line 28
2016-08-22 21:48:07 - PHP Notice:  Indirect modification of overloaded property ControllerModuleYandexMaps::$data has no effect in Z:\home\wallpapers\www\admin\controller\module\yandex_maps.php on line 29
2016-08-22 21:48:07 - PHP Notice:  Indirect modification of overloaded property ControllerModuleYandexMaps::$data has no effect in Z:\home\wallpapers\www\admin\controller\module\yandex_maps.php on line 30
2016-08-22 21:48:07 - PHP Notice:  Indirect modification of overloaded property ControllerModuleYandexMaps::$data has no effect in Z:\home\wallpapers\www\admin\controller\module\yandex_maps.php on line 31
2016-08-22 21:48:07 - PHP Notice:  Indirect modification of overloaded property ControllerModuleYandexMaps::$data has no effect in Z:\home\wallpapers\www\admin\controller\module\yandex_maps.php on line 32
2016-08-22 21:48:07 - PHP Notice:  Indirect modification of overloaded property ControllerModuleYandexMaps::$data has no effect in Z:\home\wallpapers\www\admin\controller\module\yandex_maps.php on line 33
2016-08-22 21:48:07 - PHP Notice:  Indirect modification of overloaded property ControllerModuleYandexMaps::$data has no effect in Z:\home\wallpapers\www\admin\controller\module\yandex_maps.php on line 34
2016-08-22 21:48:07 - PHP Notice:  Indirect modification of overloaded property ControllerModuleYandexMaps::$data has no effect in Z:\home\wallpapers\www\admin\controller\module\yandex_maps.php on line 35
2016-08-22 21:48:07 - PHP Notice:  Indirect modification of overloaded property ControllerModuleYandexMaps::$data has no effect in Z:\home\wallpapers\www\admin\controller\module\yandex_maps.php on line 36
2016-08-22 21:48:07 - PHP Notice:  Indirect modification of overloaded property ControllerModuleYandexMaps::$data has no effect in Z:\home\wallpapers\www\admin\controller\module\yandex_maps.php on line 37
2016-08-22 21:48:07 - PHP Notice:  Indirect modification of overloaded property ControllerModuleYandexMaps::$data has no effect in Z:\home\wallpapers\www\admin\controller\module\yandex_maps.php on line 38
2016-08-22 21:48:07 - PHP Notice:  Indirect modification of overloaded property ControllerModuleYandexMaps::$data has no effect in Z:\home\wallpapers\www\admin\controller\module\yandex_maps.php on line 39
2016-08-22 21:48:07 - PHP Notice:  Indirect modification of overloaded property ControllerModuleYandexMaps::$data has no effect in Z:\home\wallpapers\www\admin\controller\module\yandex_maps.php on line 40
2016-08-22 21:48:07 - PHP Notice:  Indirect modification of overloaded property ControllerModuleYandexMaps::$data has no effect in Z:\home\wallpapers\www\admin\controller\module\yandex_maps.php on line 41
2016-08-22 21:48:07 - PHP Notice:  Indirect modification of overloaded property ControllerModuleYandexMaps::$data has no effect in Z:\home\wallpapers\www\admin\controller\module\yandex_maps.php on line 42
2016-08-22 21:48:07 - PHP Notice:  Indirect modification of overloaded property ControllerModuleYandexMaps::$data has no effect in Z:\home\wallpapers\www\admin\controller\module\yandex_maps.php on line 43
2016-08-22 21:48:07 - PHP Notice:  Indirect modification of overloaded property ControllerModuleYandexMaps::$data has no effect in Z:\home\wallpapers\www\admin\controller\module\yandex_maps.php on line 44
2016-08-22 21:48:07 - PHP Notice:  Indirect modification of overloaded property ControllerModuleYandexMaps::$data has no effect in Z:\home\wallpapers\www\admin\controller\module\yandex_maps.php on line 45
2016-08-22 21:48:07 - PHP Notice:  Indirect modification of overloaded property ControllerModuleYandexMaps::$data has no effect in Z:\home\wallpapers\www\admin\controller\module\yandex_maps.php on line 46
2016-08-22 21:48:07 - PHP Notice:  Indirect modification of overloaded property ControllerModuleYandexMaps::$data has no effect in Z:\home\wallpapers\www\admin\controller\module\yandex_maps.php on line 47
2016-08-22 21:48:07 - PHP Notice:  Indirect modification of overloaded property ControllerModuleYandexMaps::$data has no effect in Z:\home\wallpapers\www\admin\controller\module\yandex_maps.php on line 48
2016-08-22 21:48:07 - PHP Notice:  Indirect modification of overloaded property ControllerModuleYandexMaps::$data has no effect in Z:\home\wallpapers\www\admin\controller\module\yandex_maps.php on line 49
2016-08-22 21:48:07 - PHP Notice:  Indirect modification of overloaded property ControllerModuleYandexMaps::$data has no effect in Z:\home\wallpapers\www\admin\controller\module\yandex_maps.php on line 50
2016-08-22 21:48:07 - PHP Notice:  Indirect modification of overloaded property ControllerModuleYandexMaps::$data has no effect in Z:\home\wallpapers\www\admin\controller\module\yandex_maps.php on line 51
2016-08-22 21:48:07 - PHP Notice:  Indirect modification of overloaded property ControllerModuleYandexMaps::$data has no effect in Z:\home\wallpapers\www\admin\controller\module\yandex_maps.php on line 53
2016-08-22 21:48:07 - PHP Notice:  Indirect modification of overloaded property ControllerModuleYandexMaps::$data has no effect in Z:\home\wallpapers\www\admin\controller\module\yandex_maps.php on line 54
2016-08-22 21:48:07 - PHP Notice:  Indirect modification of overloaded property ControllerModuleYandexMaps::$data has no effect in Z:\home\wallpapers\www\admin\controller\module\yandex_maps.php on line 55
2016-08-22 21:48:07 - PHP Notice:  Indirect modification of overloaded property ControllerModuleYandexMaps::$data has no effect in Z:\home\wallpapers\www\admin\controller\module\yandex_maps.php on line 56
2016-08-22 21:48:07 - PHP Notice:  Indirect modification of overloaded property ControllerModuleYandexMaps::$data has no effect in Z:\home\wallpapers\www\admin\controller\module\yandex_maps.php on line 57
2016-08-22 21:48:07 - PHP Notice:  Indirect modification of overloaded property ControllerModuleYandexMaps::$data has no effect in Z:\home\wallpapers\www\admin\controller\module\yandex_maps.php on line 58
2016-08-22 21:48:07 - PHP Notice:  Indirect modification of overloaded property ControllerModuleYandexMaps::$data has no effect in Z:\home\wallpapers\www\admin\controller\module\yandex_maps.php on line 59
2016-08-22 21:48:07 - PHP Notice:  Indirect modification of overloaded property ControllerModuleYandexMaps::$data has no effect in Z:\home\wallpapers\www\admin\controller\module\yandex_maps.php on line 60
2016-08-22 21:48:07 - PHP Notice:  Indirect modification of overloaded property ControllerModuleYandexMaps::$data has no effect in Z:\home\wallpapers\www\admin\controller\module\yandex_maps.php on line 61
2016-08-22 21:48:07 - PHP Notice:  Indirect modification of overloaded property ControllerModuleYandexMaps::$data has no effect in Z:\home\wallpapers\www\admin\controller\module\yandex_maps.php on line 62
2016-08-22 21:48:07 - PHP Notice:  Indirect modification of overloaded property ControllerModuleYandexMaps::$data has no effect in Z:\home\wallpapers\www\admin\controller\module\yandex_maps.php on line 63
2016-08-22 21:48:07 - PHP Notice:  Indirect modification of overloaded property ControllerModuleYandexMaps::$data has no effect in Z:\home\wallpapers\www\admin\controller\module\yandex_maps.php on line 64
2016-08-22 21:48:07 - PHP Notice:  Indirect modification of overloaded property ControllerModuleYandexMaps::$data has no effect in Z:\home\wallpapers\www\admin\controller\module\yandex_maps.php on line 65
2016-08-22 21:48:07 - PHP Notice:  Indirect modification of overloaded property ControllerModuleYandexMaps::$data has no effect in Z:\home\wallpapers\www\admin\controller\module\yandex_maps.php on line 66
2016-08-22 21:48:07 - PHP Notice:  Indirect modification of overloaded property ControllerModuleYandexMaps::$data has no effect in Z:\home\wallpapers\www\admin\controller\module\yandex_maps.php on line 67
2016-08-22 21:48:07 - PHP Notice:  Indirect modification of overloaded property ControllerModuleYandexMaps::$data has no effect in Z:\home\wallpapers\www\admin\controller\module\yandex_maps.php on line 68
2016-08-22 21:48:07 - PHP Notice:  Indirect modification of overloaded property ControllerModuleYandexMaps::$data has no effect in Z:\home\wallpapers\www\admin\controller\module\yandex_maps.php on line 69
2016-08-22 21:48:07 - PHP Notice:  Indirect modification of overloaded property ControllerModuleYandexMaps::$data has no effect in Z:\home\wallpapers\www\admin\controller\module\yandex_maps.php on line 70
2016-08-22 21:48:07 - PHP Notice:  Indirect modification of overloaded property ControllerModuleYandexMaps::$data has no effect in Z:\home\wallpapers\www\admin\controller\module\yandex_maps.php on line 71
2016-08-22 21:48:07 - PHP Notice:  Indirect modification of overloaded property ControllerModuleYandexMaps::$data has no effect in Z:\home\wallpapers\www\admin\controller\module\yandex_maps.php on line 72
2016-08-22 21:48:07 - PHP Notice:  Indirect modification of overloaded property ControllerModuleYandexMaps::$data has no effect in Z:\home\wallpapers\www\admin\controller\module\yandex_maps.php on line 73
2016-08-22 21:48:07 - PHP Notice:  Indirect modification of overloaded property ControllerModuleYandexMaps::$data has no effect in Z:\home\wallpapers\www\admin\controller\module\yandex_maps.php on line 74
2016-08-22 21:48:07 - PHP Notice:  Indirect modification of overloaded property ControllerModuleYandexMaps::$data has no effect in Z:\home\wallpapers\www\admin\controller\module\yandex_maps.php on line 75
2016-08-22 21:48:07 - PHP Notice:  Indirect modification of overloaded property ControllerModuleYandexMaps::$data has no effect in Z:\home\wallpapers\www\admin\controller\module\yandex_maps.php on line 76
2016-08-22 21:48:07 - PHP Notice:  Indirect modification of overloaded property ControllerModuleYandexMaps::$data has no effect in Z:\home\wallpapers\www\admin\controller\module\yandex_maps.php on line 78
2016-08-22 21:48:07 - PHP Notice:  Indirect modification of overloaded property ControllerModuleYandexMaps::$data has no effect in Z:\home\wallpapers\www\admin\controller\module\yandex_maps.php on line 80
2016-08-22 21:48:07 - PHP Notice:  Indirect modification of overloaded property ControllerModuleYandexMaps::$data has no effect in Z:\home\wallpapers\www\admin\controller\module\yandex_maps.php on line 81
2016-08-22 21:48:07 - PHP Notice:  Indirect modification of overloaded property ControllerModuleYandexMaps::$data has no effect in Z:\home\wallpapers\www\admin\controller\module\yandex_maps.php on line 82
2016-08-22 21:48:07 - PHP Notice:  Indirect modification of overloaded property ControllerModuleYandexMaps::$data has no effect in Z:\home\wallpapers\www\admin\controller\module\yandex_maps.php on line 83
2016-08-22 21:48:07 - PHP Notice:  Indirect modification of overloaded property ControllerModuleYandexMaps::$data has no effect in Z:\home\wallpapers\www\admin\controller\module\yandex_maps.php on line 84
2016-08-22 21:48:07 - PHP Notice:  Indirect modification of overloaded property ControllerModuleYandexMaps::$data has no effect in Z:\home\wallpapers\www\admin\controller\module\yandex_maps.php on line 89
2016-08-22 21:48:07 - PHP Notice:  Indirect modification of overloaded property ControllerModuleYandexMaps::$data has no effect in Z:\home\wallpapers\www\admin\controller\module\yandex_maps.php on line 92
2016-08-22 21:48:07 - PHP Notice:  Indirect modification of overloaded property ControllerModuleYandexMaps::$data has no effect in Z:\home\wallpapers\www\admin\controller\module\yandex_maps.php on line 94
2016-08-22 21:48:07 - PHP Notice:  Indirect modification of overloaded property ControllerModuleYandexMaps::$data has no effect in Z:\home\wallpapers\www\admin\controller\module\yandex_maps.php on line 100
2016-08-22 21:48:07 - PHP Notice:  Indirect modification of overloaded property ControllerModuleYandexMaps::$data has no effect in Z:\home\wallpapers\www\admin\controller\module\yandex_maps.php on line 106
2016-08-22 21:48:07 - PHP Notice:  Indirect modification of overloaded property ControllerModuleYandexMaps::$data has no effect in Z:\home\wallpapers\www\admin\controller\module\yandex_maps.php on line 112
2016-08-22 21:48:07 - PHP Notice:  Indirect modification of overloaded property ControllerModuleYandexMaps::$data has no effect in Z:\home\wallpapers\www\admin\controller\module\yandex_maps.php on line 114
2016-08-22 21:48:07 - PHP Notice:  Indirect modification of overloaded property ControllerModuleYandexMaps::$data has no effect in Z:\home\wallpapers\www\admin\controller\module\yandex_maps.php on line 116
2016-08-22 21:48:07 - PHP Notice:  Indirect modification of overloaded property ControllerModuleYandexMaps::$data has no effect in Z:\home\wallpapers\www\admin\controller\module\yandex_maps.php on line 124
2016-08-22 21:48:07 - PHP Notice:  Indirect modification of overloaded property ControllerModuleYandexMaps::$data has no effect in Z:\home\wallpapers\www\admin\controller\module\yandex_maps.php on line 134
2016-08-22 21:48:07 - PHP Notice:  Indirect modification of overloaded property ControllerModuleYandexMaps::$data has no effect in Z:\home\wallpapers\www\admin\controller\module\yandex_maps.php on line 143
2016-08-22 21:48:07 - PHP Notice:  Indirect modification of overloaded property ControllerModuleYandexMaps::$data has no effect in Z:\home\wallpapers\www\admin\controller\module\yandex_maps.php on line 145
2016-08-23 15:35:50 - PHP Notice:  Undefined variable: geocode_hl in Z:\home\wallpapers\www\catalog\view\theme\default\template\common\header.tpl on line 112
2016-08-23 15:35:50 - PHP Notice:  Undefined variable: geocode_hl in Z:\home\wallpapers\www\catalog\view\theme\default\template\common\header.tpl on line 112
2016-08-23 15:35:54 - PHP Notice:  Undefined variable: geocode_hl in Z:\home\wallpapers\www\catalog\view\theme\default\template\common\header.tpl on line 112
2016-08-23 15:51:07 - PHP Notice:  Undefined variable: geocode_hl in Z:\home\wallpapers\www\catalog\view\theme\default\template\common\header.tpl on line 112
2016-08-23 16:26:32 - PHP Notice:  Undefined variable: geocode_hl in Z:\home\wallpapers\www\catalog\view\theme\default\template\common\header.tpl on line 112
2016-08-23 16:29:05 - PHP Notice:  Undefined variable: geocode_hl in Z:\home\wallpapers\www\catalog\view\theme\default\template\common\header.tpl on line 112
2016-08-23 16:50:03 - PHP Notice:  Undefined variable: geocode_hl in Z:\home\wallpapers\www\catalog\view\theme\default\template\common\header.tpl on line 112
2016-08-23 16:53:36 - PHP Notice:  Undefined variable: geocode_hl in Z:\home\wallpapers\www\catalog\view\theme\default\template\common\header.tpl on line 112
2016-08-23 16:53:53 - PHP Notice:  Undefined variable: geocode_hl in Z:\home\wallpapers\www\catalog\view\theme\default\template\common\header.tpl on line 112
2016-08-23 17:12:28 - PHP Notice:  Undefined variable: geocode_hl in Z:\home\wallpapers\www\catalog\view\theme\default\template\common\header.tpl on line 112
2016-08-23 17:12:31 - PHP Notice:  Undefined variable: geocode_hl in Z:\home\wallpapers\www\catalog\view\theme\default\template\common\header.tpl on line 112
2016-08-23 17:12:33 - PHP Notice:  Undefined variable: geocode_hl in Z:\home\wallpapers\www\catalog\view\theme\default\template\common\header.tpl on line 112
2016-08-23 17:12:37 - PHP Notice:  Undefined variable: geocode_hl in Z:\home\wallpapers\www\catalog\view\theme\default\template\common\header.tpl on line 112
2016-08-23 17:12:53 - PHP Notice:  Undefined variable: geocode_hl in Z:\home\wallpapers\www\catalog\view\theme\default\template\common\header.tpl on line 112
2016-08-23 17:12:57 - PHP Notice:  Undefined variable: geocode_hl in Z:\home\wallpapers\www\catalog\view\theme\default\template\common\header.tpl on line 112
2016-08-23 17:13:01 - PHP Notice:  Undefined variable: geocode_hl in Z:\home\wallpapers\www\catalog\view\theme\default\template\common\header.tpl on line 112
2016-08-23 17:13:04 - PHP Notice:  Undefined variable: geocode_hl in Z:\home\wallpapers\www\catalog\view\theme\default\template\common\header.tpl on line 112
2016-08-23 17:13:05 - PHP Notice:  Undefined variable: geocode_hl in Z:\home\wallpapers\www\catalog\view\theme\default\template\common\header.tpl on line 112
2016-08-23 17:13:08 - PHP Notice:  Undefined variable: geocode_hl in Z:\home\wallpapers\www\catalog\view\theme\default\template\common\header.tpl on line 112
2016-08-23 17:13:10 - PHP Notice:  Undefined variable: geocode_hl in Z:\home\wallpapers\www\catalog\view\theme\default\template\common\header.tpl on line 112
2016-08-23 17:13:11 - PHP Notice:  Undefined variable: geocode_hl in Z:\home\wallpapers\www\catalog\view\theme\default\template\common\header.tpl on line 112
2016-08-23 17:13:12 - PHP Notice:  Undefined variable: geocode_hl in Z:\home\wallpapers\www\catalog\view\theme\default\template\common\header.tpl on line 112
2016-08-23 17:13:30 - PHP Notice:  Undefined variable: geocode_hl in Z:\home\wallpapers\www\catalog\view\theme\default\template\common\header.tpl on line 112
2016-08-23 17:18:42 - PHP Notice:  Undefined variable: geocode_hl in Z:\home\wallpapers\www\catalog\view\theme\default\template\common\header.tpl on line 112
2016-08-23 17:20:46 - PHP Notice:  Undefined variable: geocode_hl in Z:\home\wallpapers\www\catalog\view\theme\default\template\common\header.tpl on line 112
2016-08-23 17:55:44 - PHP Notice:  Undefined variable: geocode_hl in Z:\home\wallpapers\www\catalog\view\theme\default\template\common\header.tpl on line 112
2016-08-23 17:56:32 - PHP Notice:  Undefined variable: geocode_hl in Z:\home\wallpapers\www\catalog\view\theme\default\template\common\header.tpl on line 112
2016-08-23 17:56:43 - PHP Notice:  Undefined variable: geocode_hl in Z:\home\wallpapers\www\catalog\view\theme\default\template\common\header.tpl on line 112
2016-08-23 17:57:05 - PHP Notice:  Undefined variable: geocode_hl in Z:\home\wallpapers\www\catalog\view\theme\default\template\common\header.tpl on line 112
2016-08-23 18:59:19 - PHP Notice:  Undefined variable: geocode_hl in Z:\home\wallpapers\www\catalog\view\theme\default\template\common\header.tpl on line 112
2016-08-23 19:01:18 - PHP Notice:  Undefined variable: geocode_hl in Z:\home\wallpapers\www\catalog\view\theme\default\template\common\header.tpl on line 112
2016-08-23 19:01:32 - PHP Notice:  Undefined variable: geocode_hl in Z:\home\wallpapers\www\catalog\view\theme\default\template\common\header.tpl on line 112
2016-08-23 19:21:42 - PHP Notice:  Undefined variable: geocode_hl in Z:\home\wallpapers\www\catalog\view\theme\default\template\common\header.tpl on line 112
2016-08-23 19:21:45 - PHP Notice:  Undefined variable: geocode_hl in Z:\home\wallpapers\www\catalog\view\theme\default\template\common\header.tpl on line 112
2016-08-23 19:22:09 - PHP Notice:  Undefined variable: geocode_hl in Z:\home\wallpapers\www\catalog\view\theme\default\template\common\header.tpl on line 112
2016-08-23 19:23:21 - PHP Notice:  Undefined variable: geocode_hl in Z:\home\wallpapers\www\catalog\view\theme\default\template\common\header.tpl on line 112
2016-08-23 19:23:57 - PHP Notice:  Undefined variable: geocode_hl in Z:\home\wallpapers\www\catalog\view\theme\default\template\common\header.tpl on line 112
2016-08-23 19:24:23 - PHP Notice:  Undefined variable: geocode_hl in Z:\home\wallpapers\www\catalog\view\theme\default\template\common\header.tpl on line 112
2016-08-23 19:31:16 - PHP Notice:  Undefined variable: geocode_hl in Z:\home\wallpapers\www\catalog\view\theme\default\template\common\header.tpl on line 112
2016-08-23 19:43:18 - PHP Notice:  Undefined variable: geocode_hl in Z:\home\wallpapers\www\catalog\view\theme\default\template\common\header.tpl on line 112
2016-08-23 19:43:19 - PHP Notice:  Undefined variable: geocode_hl in Z:\home\wallpapers\www\catalog\view\theme\default\template\common\header.tpl on line 112
2016-08-23 19:43:39 - PHP Notice:  Undefined variable: geocode_hl in Z:\home\wallpapers\www\catalog\view\theme\default\template\common\header.tpl on line 112
2016-08-23 19:43:57 - PHP Notice:  Undefined variable: geocode_hl in Z:\home\wallpapers\www\catalog\view\theme\default\template\common\header.tpl on line 112
2016-08-23 19:48:37 - PHP Notice:  Undefined variable: geocode_hl in Z:\home\wallpapers\www\catalog\view\theme\default\template\common\header.tpl on line 112
2016-08-23 19:49:42 - PHP Notice:  Undefined variable: geocode_hl in Z:\home\wallpapers\www\catalog\view\theme\default\template\common\header.tpl on line 112
2016-08-23 19:49:51 - PHP Notice:  Undefined variable: geocode_hl in Z:\home\wallpapers\www\catalog\view\theme\default\template\common\header.tpl on line 112
2016-08-23 19:49:56 - PHP Notice:  Undefined variable: geocode_hl in Z:\home\wallpapers\www\catalog\view\theme\default\template\common\header.tpl on line 112
2016-08-23 19:49:59 - PHP Notice:  Undefined variable: geocode_hl in Z:\home\wallpapers\www\catalog\view\theme\default\template\common\header.tpl on line 112
2016-08-23 19:50:08 - PHP Notice:  Undefined variable: geocode_hl in Z:\home\wallpapers\www\catalog\view\theme\default\template\common\header.tpl on line 112
2016-08-23 19:50:27 - PHP Notice:  Undefined variable: geocode_hl in Z:\home\wallpapers\www\catalog\view\theme\default\template\common\header.tpl on line 112
2016-08-23 19:50:50 - PHP Notice:  Undefined variable: geocode_hl in Z:\home\wallpapers\www\catalog\view\theme\default\template\common\header.tpl on line 112
2016-08-23 19:50:53 - PHP Notice:  Undefined variable: geocode_hl in Z:\home\wallpapers\www\catalog\view\theme\default\template\common\header.tpl on line 112
2016-08-23 19:52:31 - PHP Notice:  Undefined variable: geocode_hl in Z:\home\wallpapers\www\catalog\view\theme\default\template\common\header.tpl on line 112
2016-08-23 19:52:34 - PHP Notice:  Undefined variable: geocode_hl in Z:\home\wallpapers\www\catalog\view\theme\default\template\common\header.tpl on line 112
2016-08-23 19:55:58 - PHP Notice:  Undefined variable: geocode_hl in Z:\home\wallpapers\www\catalog\view\theme\default\template\common\header.tpl on line 112
2016-08-23 19:56:17 - PHP Notice:  Undefined variable: geocode_hl in Z:\home\wallpapers\www\catalog\view\theme\default\template\common\header.tpl on line 112
2016-08-23 19:56:33 - PHP Notice:  Undefined variable: geocode_hl in Z:\home\wallpapers\www\catalog\view\theme\default\template\common\header.tpl on line 112
2016-08-23 20:05:42 - PHP Notice:  Undefined variable: geocode_hl in Z:\home\wallpapers\www\catalog\view\theme\default\template\common\header.tpl on line 112
2016-08-23 20:08:56 - PHP Notice:  Undefined variable: geocode_hl in Z:\home\wallpapers\www\catalog\view\theme\default\template\common\header.tpl on line 112
2016-08-23 20:34:53 - PHP Notice:  Undefined variable: geocode_hl in Z:\home\wallpapers\www\catalog\view\theme\default\template\common\header.tpl on line 112
2016-08-23 20:35:51 - PHP Notice:  Undefined variable: geocode_hl in Z:\home\wallpapers\www\catalog\view\theme\default\template\common\header.tpl on line 112
2016-08-23 20:37:43 - PHP Notice:  Undefined variable: geocode_hl in Z:\home\wallpapers\www\catalog\view\theme\default\template\common\header.tpl on line 112
2016-08-23 20:38:11 - PHP Notice:  Undefined variable: geocode_hl in Z:\home\wallpapers\www\catalog\view\theme\default\template\common\header.tpl on line 112
2016-08-23 20:44:03 - PHP Notice:  Undefined variable: geocode_hl in Z:\home\wallpapers\www\catalog\view\theme\default\template\common\header.tpl on line 112
2016-08-23 20:45:12 - PHP Notice:  Undefined variable: geocode_hl in Z:\home\wallpapers\www\catalog\view\theme\default\template\common\header.tpl on line 112
2016-08-23 20:47:51 - PHP Notice:  Undefined variable: geocode_hl in Z:\home\wallpapers\www\catalog\view\theme\default\template\common\header.tpl on line 112
2016-08-23 20:49:14 - PHP Notice:  Undefined variable: geocode_hl in Z:\home\wallpapers\www\catalog\view\theme\default\template\common\header.tpl on line 112
2016-08-23 20:50:43 - PHP Notice:  Undefined variable: geocode_hl in Z:\home\wallpapers\www\catalog\view\theme\default\template\common\header.tpl on line 112
2016-08-23 20:50:59 - PHP Notice:  Undefined variable: geocode_hl in Z:\home\wallpapers\www\catalog\view\theme\default\template\common\header.tpl on line 112
2016-08-23 20:51:17 - PHP Notice:  Undefined variable: geocode_hl in Z:\home\wallpapers\www\catalog\view\theme\default\template\common\header.tpl on line 112
2016-08-23 20:52:05 - PHP Notice:  Undefined variable: geocode_hl in Z:\home\wallpapers\www\catalog\view\theme\default\template\common\header.tpl on line 112
2016-08-23 20:53:14 - PHP Notice:  Undefined variable: geocode_hl in Z:\home\wallpapers\www\catalog\view\theme\default\template\common\header.tpl on line 112
2016-08-23 20:54:11 - PHP Notice:  Undefined variable: geocode_hl in Z:\home\wallpapers\www\catalog\view\theme\default\template\common\header.tpl on line 112
2016-08-23 20:55:57 - PHP Notice:  Undefined variable: geocode_hl in Z:\home\wallpapers\www\catalog\view\theme\default\template\common\header.tpl on line 112
2016-08-23 21:12:55 - PHP Notice:  Undefined variable: geocode_hl in Z:\home\wallpapers\www\catalog\view\theme\default\template\common\header.tpl on line 112
2016-08-23 21:15:59 - PHP Notice:  Undefined variable: geocode_hl in Z:\home\wallpapers\www\catalog\view\theme\default\template\common\header.tpl on line 112
2016-08-23 21:16:43 - PHP Notice:  Undefined variable: geocode_hl in Z:\home\wallpapers\www\catalog\view\theme\default\template\common\header.tpl on line 112
2016-08-23 21:17:07 - PHP Notice:  Undefined variable: geocode_hl in Z:\home\wallpapers\www\catalog\view\theme\default\template\common\header.tpl on line 112
2016-08-23 21:17:41 - PHP Notice:  Undefined variable: geocode_hl in Z:\home\wallpapers\www\catalog\view\theme\default\template\common\header.tpl on line 112
2016-08-23 21:18:10 - PHP Notice:  Undefined variable: geocode_hl in Z:\home\wallpapers\www\catalog\view\theme\default\template\common\header.tpl on line 112
2016-08-23 21:20:00 - PHP Notice:  Undefined variable: geocode_hl in Z:\home\wallpapers\www\catalog\view\theme\default\template\common\header.tpl on line 112
2016-08-23 21:22:50 - PHP Notice:  Undefined variable: geocode_hl in Z:\home\wallpapers\www\catalog\view\theme\default\template\common\header.tpl on line 112
2016-08-23 21:23:12 - PHP Notice:  Undefined variable: geocode_hl in Z:\home\wallpapers\www\catalog\view\theme\default\template\common\header.tpl on line 112
2016-08-23 21:25:34 - PHP Notice:  Undefined variable: geocode_hl in Z:\home\wallpapers\www\catalog\view\theme\default\template\common\header.tpl on line 112
2016-08-23 21:26:58 - PHP Notice:  Undefined variable: geocode_hl in Z:\home\wallpapers\www\catalog\view\theme\default\template\common\header.tpl on line 112
2016-08-23 21:27:08 - PHP Notice:  Undefined variable: geocode_hl in Z:\home\wallpapers\www\catalog\view\theme\default\template\common\header.tpl on line 112
2016-08-23 21:27:33 - PHP Notice:  Undefined variable: geocode_hl in Z:\home\wallpapers\www\catalog\view\theme\default\template\common\header.tpl on line 112
2016-08-23 21:27:54 - PHP Notice:  Undefined variable: geocode_hl in Z:\home\wallpapers\www\catalog\view\theme\default\template\common\header.tpl on line 112
2016-08-23 21:29:04 - PHP Notice:  Undefined variable: geocode_hl in Z:\home\wallpapers\www\catalog\view\theme\default\template\common\header.tpl on line 112
2016-08-23 21:29:53 - PHP Notice:  Undefined variable: geocode_hl in Z:\home\wallpapers\www\catalog\view\theme\default\template\common\header.tpl on line 112
2016-08-23 21:30:51 - PHP Notice:  Undefined variable: geocode_hl in Z:\home\wallpapers\www\catalog\view\theme\default\template\common\header.tpl on line 112
2016-08-23 21:31:04 - PHP Notice:  Undefined variable: geocode_hl in Z:\home\wallpapers\www\catalog\view\theme\default\template\common\header.tpl on line 112
2016-08-23 21:33:15 - PHP Notice:  Undefined variable: geocode_hl in Z:\home\wallpapers\www\catalog\view\theme\default\template\common\header.tpl on line 112
2016-08-23 21:36:37 - PHP Notice:  Undefined variable: geocode_hl in Z:\home\wallpapers\www\catalog\view\theme\default\template\common\header.tpl on line 112
2016-08-23 21:37:33 - PHP Notice:  Undefined variable: geocode_hl in Z:\home\wallpapers\www\catalog\view\theme\default\template\common\header.tpl on line 112
2016-08-23 21:38:20 - PHP Notice:  Undefined variable: geocode_hl in Z:\home\wallpapers\www\catalog\view\theme\default\template\common\header.tpl on line 112
2016-08-23 21:38:39 - PHP Notice:  Undefined variable: geocode_hl in Z:\home\wallpapers\www\catalog\view\theme\default\template\common\header.tpl on line 112
2016-08-23 22:48:04 - PHP Notice:  Undefined variable: geocode_hl in Z:\home\wallpapers\www\catalog\view\theme\default\template\common\header.tpl on line 112
2016-08-23 22:50:52 - PHP Notice:  Undefined variable: geocode_hl in Z:\home\wallpapers\www\catalog\view\theme\default\template\common\header.tpl on line 112
2016-08-23 22:51:13 - PHP Notice:  Undefined index: name in Z:\home\wallpapers\www\catalog\controller\information\contact.php on line 158
2016-08-23 22:51:13 - PHP Notice:  Undefined index: email in Z:\home\wallpapers\www\catalog\controller\information\contact.php on line 162
2016-08-23 22:51:13 - PHP Notice:  Undefined index: enquiry in Z:\home\wallpapers\www\catalog\controller\information\contact.php on line 166
2016-08-23 22:51:13 - PHP Notice:  Undefined variable: geocode_hl in Z:\home\wallpapers\www\catalog\view\theme\default\template\common\header.tpl on line 112
2016-08-23 22:51:16 - PHP Notice:  Undefined variable: geocode_hl in Z:\home\wallpapers\www\catalog\view\theme\default\template\common\header.tpl on line 112
2016-08-23 22:53:03 - PHP Notice:  Undefined variable: geocode_hl in Z:\home\wallpapers\www\catalog\view\theme\default\template\common\header.tpl on line 112
2016-08-23 22:53:38 - PHP Notice:  Undefined variable: geocode_hl in Z:\home\wallpapers\www\catalog\view\theme\default\template\common\header.tpl on line 112
2016-08-23 22:54:14 - PHP Notice:  Undefined variable: geocode_hl in Z:\home\wallpapers\www\catalog\view\theme\default\template\common\header.tpl on line 112
2016-08-23 22:55:12 - PHP Notice:  Undefined variable: geocode_hl in Z:\home\wallpapers\www\catalog\view\theme\default\template\common\header.tpl on line 112
2016-08-23 22:55:56 - PHP Notice:  Undefined variable: geocode_hl in Z:\home\wallpapers\www\catalog\view\theme\default\template\common\header.tpl on line 112
2016-08-23 22:56:26 - PHP Notice:  Undefined variable: geocode_hl in Z:\home\wallpapers\www\catalog\view\theme\default\template\common\header.tpl on line 112
2016-08-23 22:56:59 - PHP Notice:  Undefined variable: geocode_hl in Z:\home\wallpapers\www\catalog\view\theme\default\template\common\header.tpl on line 112
2016-08-23 22:57:30 - PHP Notice:  Undefined variable: geocode_hl in Z:\home\wallpapers\www\catalog\view\theme\default\template\common\header.tpl on line 112
2016-08-23 22:57:44 - PHP Notice:  Undefined variable: geocode_hl in Z:\home\wallpapers\www\catalog\view\theme\default\template\common\header.tpl on line 112
2016-08-23 22:58:50 - PHP Notice:  Undefined variable: geocode_hl in Z:\home\wallpapers\www\catalog\view\theme\default\template\common\header.tpl on line 112
2016-08-23 22:59:08 - PHP Notice:  Undefined variable: geocode_hl in Z:\home\wallpapers\www\catalog\view\theme\default\template\common\header.tpl on line 112
2016-08-23 22:59:23 - PHP Notice:  Undefined variable: geocode_hl in Z:\home\wallpapers\www\catalog\view\theme\default\template\common\header.tpl on line 112
2016-08-23 22:59:58 - PHP Notice:  Undefined variable: geocode_hl in Z:\home\wallpapers\www\catalog\view\theme\default\template\common\header.tpl on line 112
2016-08-23 23:00:08 - PHP Notice:  Undefined index: name in Z:\home\wallpapers\www\catalog\controller\information\contact.php on line 158
2016-08-23 23:00:08 - PHP Notice:  Undefined index: email in Z:\home\wallpapers\www\catalog\controller\information\contact.php on line 162
2016-08-23 23:00:08 - PHP Notice:  Undefined index: enquiry in Z:\home\wallpapers\www\catalog\controller\information\contact.php on line 166
2016-08-23 23:00:08 - PHP Notice:  Undefined variable: geocode_hl in Z:\home\wallpapers\www\catalog\view\theme\default\template\common\header.tpl on line 112
2016-08-23 23:00:10 - PHP Notice:  Undefined variable: geocode_hl in Z:\home\wallpapers\www\catalog\view\theme\default\template\common\header.tpl on line 112
2016-08-23 23:00:15 - PHP Notice:  Undefined variable: geocode_hl in Z:\home\wallpapers\www\catalog\view\theme\default\template\common\header.tpl on line 112
2016-08-23 23:00:16 - PHP Notice:  Undefined variable: geocode_hl in Z:\home\wallpapers\www\catalog\view\theme\default\template\common\header.tpl on line 112
2016-08-23 23:01:07 - PHP Notice:  Undefined variable: geocode_hl in Z:\home\wallpapers\www\catalog\view\theme\default\template\common\header.tpl on line 112
2016-08-23 23:01:10 - PHP Notice:  Undefined index: name in Z:\home\wallpapers\www\catalog\controller\information\contact.php on line 158
2016-08-23 23:01:10 - PHP Notice:  Undefined index: email in Z:\home\wallpapers\www\catalog\controller\information\contact.php on line 162
2016-08-23 23:01:10 - PHP Notice:  Undefined index: enquiry in Z:\home\wallpapers\www\catalog\controller\information\contact.php on line 166
2016-08-23 23:01:10 - PHP Notice:  Undefined variable: geocode_hl in Z:\home\wallpapers\www\catalog\view\theme\default\template\common\header.tpl on line 112
2016-08-23 23:01:13 - PHP Notice:  Undefined variable: geocode_hl in Z:\home\wallpapers\www\catalog\view\theme\default\template\common\header.tpl on line 112
2016-08-23 23:01:36 - PHP Notice:  Undefined variable: geocode_hl in Z:\home\wallpapers\www\catalog\view\theme\default\template\common\header.tpl on line 112
2016-08-23 23:02:13 - PHP Notice:  Undefined variable: geocode_hl in Z:\home\wallpapers\www\catalog\view\theme\default\template\common\header.tpl on line 112
2016-08-23 23:02:18 - PHP Notice:  Undefined variable: geocode_hl in Z:\home\wallpapers\www\catalog\view\theme\default\template\common\header.tpl on line 112
2016-08-23 23:21:10 - PHP Notice:  Undefined variable: geocode_hl in Z:\home\wallpapers\www\catalog\view\theme\default\template\common\header.tpl on line 112
2016-08-24 2:09:49 - PHP Notice:  Undefined variable: geocode_hl in Z:\home\wallpapers\www\catalog\view\theme\default\template\common\header.tpl on line 112
2016-08-24 2:10:02 - PHP Notice:  Undefined variable: geocode_hl in Z:\home\wallpapers\www\catalog\view\theme\default\template\common\header.tpl on line 112
2016-08-24 2:10:02 - PHP Notice:  Undefined variable: breadcrumbs in Z:\home\wallpapers\www\catalog\view\theme\default\template\common\success.tpl on line 4
2016-08-24 2:10:02 - PHP Warning:  Invalid argument supplied for foreach() in Z:\home\wallpapers\www\catalog\view\theme\default\template\common\success.tpl on line 4
2016-08-24 2:10:17 - PHP Notice:  Undefined variable: geocode_hl in Z:\home\wallpapers\www\catalog\view\theme\default\template\common\header.tpl on line 112
2016-08-24 2:10:45 - PHP Notice:  Undefined variable: geocode_hl in Z:\home\wallpapers\www\catalog\view\theme\default\template\common\header.tpl on line 112
2016-08-24 2:10:46 - PHP Notice:  Undefined variable: geocode_hl in Z:\home\wallpapers\www\catalog\view\theme\default\template\common\header.tpl on line 112
2016-08-24 2:16:18 - PHP Notice:  Undefined index: phone in Z:\home\wallpapers\www\catalog\controller\information\contact.php on line 162
2016-08-24 2:16:18 - PHP Notice:  Undefined variable: geocode_hl in Z:\home\wallpapers\www\catalog\view\theme\default\template\common\header.tpl on line 112
2016-08-24 2:16:18 - PHP Notice:  Undefined variable: phone in Z:\home\wallpapers\www\catalog\view\theme\default\template\information\contact.tpl on line 157
2016-08-24 2:16:18 - PHP Notice:  Undefined variable: error_phone in Z:\home\wallpapers\www\catalog\view\theme\default\template\information\contact.tpl on line 158
2016-08-24 2:16:23 - PHP Notice:  Undefined variable: geocode_hl in Z:\home\wallpapers\www\catalog\view\theme\default\template\common\header.tpl on line 112
2016-08-24 2:16:25 - PHP Notice:  Undefined variable: geocode_hl in Z:\home\wallpapers\www\catalog\view\theme\default\template\common\header.tpl on line 112
2016-08-24 2:16:25 - PHP Notice:  Undefined variable: phone in Z:\home\wallpapers\www\catalog\view\theme\default\template\information\contact.tpl on line 157
2016-08-24 2:16:25 - PHP Notice:  Undefined variable: error_phone in Z:\home\wallpapers\www\catalog\view\theme\default\template\information\contact.tpl on line 158
2016-08-24 2:17:32 - PHP Notice:  Undefined variable: geocode_hl in Z:\home\wallpapers\www\catalog\view\theme\default\template\common\header.tpl on line 112
2016-08-24 2:17:32 - PHP Notice:  Undefined variable: phone in Z:\home\wallpapers\www\catalog\view\theme\default\template\information\contact.tpl on line 157
2016-08-24 2:19:47 - PHP Notice:  Undefined variable: geocode_hl in Z:\home\wallpapers\www\catalog\view\theme\default\template\common\header.tpl on line 112
2016-08-24 2:19:50 - PHP Notice:  Undefined variable: geocode_hl in Z:\home\wallpapers\www\catalog\view\theme\default\template\common\header.tpl on line 112
2016-08-24 2:21:19 - PHP Notice:  Undefined variable: geocode_hl in Z:\home\wallpapers\www\catalog\view\theme\default\template\common\header.tpl on line 112
2016-08-24 2:21:45 - PHP Notice:  Undefined variable: geocode_hl in Z:\home\wallpapers\www\catalog\view\theme\default\template\common\header.tpl on line 112
2016-08-24 2:36:25 - PHP Notice:  Undefined variable: geocode_hl in Z:\home\wallpapers\www\catalog\view\theme\default\template\common\header.tpl on line 112
2016-08-24 2:36:27 - PHP Notice:  Undefined variable: geocode_hl in Z:\home\wallpapers\www\catalog\view\theme\default\template\common\header.tpl on line 112
2016-08-24 2:36:27 - PHP Notice:  Undefined variable: captcha in Z:\home\wallpapers\www\catalog\view\theme\default\template\information\contact.tpl on line 176
2016-08-24 2:37:09 - PHP Notice:  Undefined variable: geocode_hl in Z:\home\wallpapers\www\catalog\view\theme\default\template\common\header.tpl on line 112
2016-08-24 2:37:10 - PHP Notice:  Undefined variable: geocode_hl in Z:\home\wallpapers\www\catalog\view\theme\default\template\common\header.tpl on line 112
2016-08-24 2:37:11 - PHP Notice:  Undefined variable: geocode_hl in Z:\home\wallpapers\www\catalog\view\theme\default\template\common\header.tpl on line 112
2016-08-24 2:37:12 - PHP Notice:  Undefined variable: geocode_hl in Z:\home\wallpapers\www\catalog\view\theme\default\template\common\header.tpl on line 112
2016-08-24 2:37:13 - PHP Notice:  Undefined variable: geocode_hl in Z:\home\wallpapers\www\catalog\view\theme\default\template\common\header.tpl on line 112
2016-08-24 2:37:40 - PHP Notice:  Undefined variable: geocode_hl in Z:\home\wallpapers\www\catalog\view\theme\default\template\common\header.tpl on line 112
2016-08-24 2:37:40 - PHP Notice:  Undefined variable: captcha in Z:\home\wallpapers\www\catalog\view\theme\default\template\information\contact.tpl on line 176
2016-08-24 2:38:14 - PHP Notice:  Undefined variable: geocode_hl in Z:\home\wallpapers\www\catalog\view\theme\default\template\common\header.tpl on line 112
2016-08-24 2:38:15 - PHP Notice:  Undefined variable: geocode_hl in Z:\home\wallpapers\www\catalog\view\theme\default\template\common\header.tpl on line 112
2016-08-24 2:38:16 - PHP Notice:  Undefined variable: geocode_hl in Z:\home\wallpapers\www\catalog\view\theme\default\template\common\header.tpl on line 112
2016-08-24 2:39:38 - PHP Notice:  Undefined variable: geocode_hl in Z:\home\wallpapers\www\catalog\view\theme\default\template\common\header.tpl on line 112
2016-08-24 2:41:02 - PHP Notice:  Undefined variable: geocode_hl in Z:\home\wallpapers\www\catalog\view\theme\default\template\common\header.tpl on line 112
2016-08-24 2:41:22 - PHP Notice:  Undefined variable: geocode_hl in Z:\home\wallpapers\www\catalog\view\theme\default\template\common\header.tpl on line 112
2016-08-24 2:41:23 - PHP Notice:  Undefined variable: geocode_hl in Z:\home\wallpapers\www\catalog\view\theme\default\template\common\header.tpl on line 112
2016-08-24 2:41:24 - PHP Notice:  Undefined variable: geocode_hl in Z:\home\wallpapers\www\catalog\view\theme\default\template\common\header.tpl on line 112
2016-08-24 2:41:25 - PHP Notice:  Undefined variable: geocode_hl in Z:\home\wallpapers\www\catalog\view\theme\default\template\common\header.tpl on line 112
2016-08-24 2:41:26 - PHP Notice:  Undefined variable: geocode_hl in Z:\home\wallpapers\www\catalog\view\theme\default\template\common\header.tpl on line 112
2016-08-24 2:42:35 - PHP Notice:  Undefined variable: geocode_hl in Z:\home\wallpapers\www\catalog\view\theme\default\template\common\header.tpl on line 112
2016-08-24 2:43:00 - PHP Notice:  Undefined variable: geocode_hl in Z:\home\wallpapers\www\catalog\view\theme\default\template\common\header.tpl on line 112
2016-08-24 2:45:08 - PHP Notice:  Undefined variable: entry_telephone1 in Z:\home\wallpapers\www\admin\view\template\setting\setting.tpl on line 150
2016-08-24 2:45:08 - PHP Notice:  Undefined variable: entry_telephone2 in Z:\home\wallpapers\www\admin\view\template\setting\setting.tpl on line 159
2016-08-24 3:59:51 - PHP Notice:  Undefined variable: geocode_hl in Z:\home\wallpapers\www\catalog\view\theme\default\template\common\header.tpl on line 112
2016-08-24 3:59:53 - PHP Notice:  Undefined variable: geocode_hl in Z:\home\wallpapers\www\catalog\view\theme\default\template\common\header.tpl on line 112
2016-08-24 4:00:00 - PHP Notice:  Undefined variable: geocode_hl in Z:\home\wallpapers\www\catalog\view\theme\default\template\common\header.tpl on line 112
2016-08-24 4:00:03 - PHP Notice:  Undefined variable: geocode_hl in Z:\home\wallpapers\www\catalog\view\theme\default\template\common\header.tpl on line 112
2016-08-24 4:10:49 - PHP Notice:  Undefined variable: entry_telephone1 in Z:\home\wallpapers\www\admin\view\template\setting\setting.tpl on line 150
2016-08-24 4:10:49 - PHP Notice:  Undefined variable: entry_telephone2 in Z:\home\wallpapers\www\admin\view\template\setting\setting.tpl on line 159
2016-08-24 4:20:06 - PHP Notice:  Undefined variable: entry_telephone1 in Z:\home\wallpapers\www\admin\view\template\setting\setting.tpl on line 150
2016-08-24 4:20:06 - PHP Notice:  Undefined variable: entry_telephone2 in Z:\home\wallpapers\www\admin\view\template\setting\setting.tpl on line 159
2016-08-24 4:20:40 - PHP Notice:  Undefined variable: entry_telephone1 in Z:\home\wallpapers\www\admin\view\template\setting\setting.tpl on line 150
2016-08-24 4:20:40 - PHP Notice:  Undefined variable: entry_telephone2 in Z:\home\wallpapers\www\admin\view\template\setting\setting.tpl on line 159
2016-08-24 4:21:14 - PHP Notice:  Undefined variable: geocode_hl in Z:\home\wallpapers\www\catalog\view\theme\default\template\common\header.tpl on line 112
2016-08-24 4:21:20 - PHP Notice:  Undefined variable: geocode_hl in Z:\home\wallpapers\www\catalog\view\theme\default\template\common\header.tpl on line 112
2016-08-24 4:22:40 - PHP Notice:  Undefined variable: geocode_hl in Z:\home\wallpapers\www\catalog\view\theme\default\template\common\header.tpl on line 112
2016-08-24 4:28:07 - PHP Notice:  Undefined variable: geocode_hl in Z:\home\wallpapers\www\catalog\view\theme\default\template\common\header.tpl on line 112
2016-08-24 4:29:33 - PHP Notice:  Undefined variable: geocode_hl in Z:\home\wallpapers\www\catalog\view\theme\default\template\common\header.tpl on line 112
2016-08-24 4:33:41 - PHP Notice:  Undefined variable: geocode_hl in Z:\home\wallpapers\www\catalog\view\theme\default\template\common\header.tpl on line 112
2016-08-24 5:29:10 - PHP Notice:  Undefined variable: geocode_hl in Z:\home\wallpapers\www\catalog\view\theme\default\template\common\header.tpl on line 112
2016-08-24 5:31:32 - PHP Notice:  Undefined variable: geocode_hl in Z:\home\wallpapers\www\catalog\view\theme\default\template\common\header.tpl on line 112
2016-08-24 5:33:16 - PHP Notice:  Undefined variable: geocode_hl in Z:\home\wallpapers\www\catalog\view\theme\default\template\common\header.tpl on line 112
2016-08-24 5:34:41 - PHP Notice:  Undefined variable: geocode_hl in Z:\home\wallpapers\www\catalog\view\theme\default\template\common\header.tpl on line 112
2016-08-24 5:38:57 - PHP Notice:  Undefined variable: geocode_hl in Z:\home\wallpapers\www\catalog\view\theme\default\template\common\header.tpl on line 112
2016-08-24 5:40:30 - PHP Notice:  Undefined variable: geocode_hl in Z:\home\wallpapers\www\catalog\view\theme\default\template\common\header.tpl on line 112
2016-08-24 5:42:04 - PHP Notice:  Undefined variable: geocode_hl in Z:\home\wallpapers\www\catalog\view\theme\default\template\common\header.tpl on line 112
2016-08-24 5:42:16 - PHP Notice:  Undefined variable: geocode_hl in Z:\home\wallpapers\www\catalog\view\theme\default\template\common\header.tpl on line 112
2016-08-24 5:42:33 - PHP Notice:  Undefined variable: geocode_hl in Z:\home\wallpapers\www\catalog\view\theme\default\template\common\header.tpl on line 112
2016-08-24 5:42:38 - PHP Notice:  Undefined variable: geocode_hl in Z:\home\wallpapers\www\catalog\view\theme\default\template\common\header.tpl on line 112
2016-08-24 5:43:18 - PHP Notice:  Undefined variable: geocode_hl in Z:\home\wallpapers\www\catalog\view\theme\default\template\common\header.tpl on line 112
2016-08-24 5:43:32 - PHP Notice:  Undefined variable: geocode_hl in Z:\home\wallpapers\www\catalog\view\theme\default\template\common\header.tpl on line 112
2016-08-24 5:43:44 - PHP Notice:  Undefined variable: geocode_hl in Z:\home\wallpapers\www\catalog\view\theme\default\template\common\header.tpl on line 112
2016-08-24 5:44:28 - PHP Notice:  Undefined variable: geocode_hl in Z:\home\wallpapers\www\catalog\view\theme\default\template\common\header.tpl on line 112
2016-08-24 5:45:12 - PHP Notice:  Undefined variable: geocode_hl in Z:\home\wallpapers\www\catalog\view\theme\default\template\common\header.tpl on line 112
2016-08-24 5:45:30 - PHP Notice:  Undefined variable: geocode_hl in Z:\home\wallpapers\www\catalog\view\theme\default\template\common\header.tpl on line 112
2016-08-24 5:45:38 - PHP Notice:  Undefined variable: geocode_hl in Z:\home\wallpapers\www\catalog\view\theme\default\template\common\header.tpl on line 112
2016-08-24 5:47:53 - PHP Notice:  Undefined variable: geocode_hl in Z:\home\wallpapers\www\catalog\view\theme\default\template\common\header.tpl on line 112
2016-08-24 5:47:59 - PHP Notice:  Undefined variable: geocode_hl in Z:\home\wallpapers\www\catalog\view\theme\default\template\common\header.tpl on line 112
2016-08-24 5:48:12 - PHP Notice:  Undefined variable: geocode_hl in Z:\home\wallpapers\www\catalog\view\theme\default\template\common\header.tpl on line 112
2016-08-24 5:48:24 - PHP Notice:  Undefined variable: geocode_hl in Z:\home\wallpapers\www\catalog\view\theme\default\template\common\header.tpl on line 112
2016-08-24 5:49:10 - PHP Notice:  Undefined variable: geocode_hl in Z:\home\wallpapers\www\catalog\view\theme\default\template\common\header.tpl on line 112
2016-08-24 5:49:18 - PHP Notice:  Undefined variable: geocode_hl in Z:\home\wallpapers\www\catalog\view\theme\default\template\common\header.tpl on line 112
2016-08-24 5:50:50 - PHP Notice:  Undefined variable: geocode_hl in Z:\home\wallpapers\www\catalog\view\theme\default\template\common\header.tpl on line 112
2016-08-24 5:55:08 - PHP Notice:  Undefined variable: geocode_hl in Z:\home\wallpapers\www\catalog\view\theme\default\template\common\header.tpl on line 112
